<?xml version="1.0" encoding="UTF-8"?>
<!-- Generated by org.testng.reporters.JUnitReportReporter -->
<testsuite hostname="HariHara" failures="0" tests="1" name="SL1_LoginTest" time="17.998" errors="0" timestamp="2024-09-30T13:32:58 IST" skipped="0">
  <testcase classname="SL1_LoginTest" name="validLogins" time="17.998"/>
</testsuite> <!-- SL1_LoginTest -->
